
Thu 14 Mar 2024 03:12:05 PM UTC: 
 exercises.c | 46 ++++++++++++++++++++++++++++++++++++++++++----
 1 file changed, 42 insertions(+), 4 deletions(-)
In file included from test.c:1:
exercises.c: In function ‘reverseArray’:
exercises.c:33:3: error: statement with no effect [-Werror=unused-value]
   33 |   for (i; i < size; i++)
      |   ^~~
exercises.c:35:5: error: ‘arra’ undeclared (first use in this function); did you mean ‘arr’?
   35 |     arra[i] = arr[size - 1 - i];
      |     ^~~~
      |     arr
exercises.c:35:5: note: each undeclared identifier is reported only once for each function it appears in
exercises.c:38:3: error: statement with no effect [-Werror=unused-value]
   38 |   for (i; i < size; i++))
      |   ^~~
exercises.c:38:25: error: expected statement before ‘)’ token
   38 |   for (i; i < size; i++))
      |                         ^
exercises.c: In function ‘checkSorted’:
exercises.c:73:3: error: statement with no effect [-Werror=unused-value]
   73 |   for (i; i < size; i++)
      |   ^~~
test.c: In function ‘reverseArray’:
test.c:382:5: error: ‘main’ is normally a non-static function [-Werror=main]
  382 | int main(int argc, char *argv[]) {
      |     ^~~~
test.c:410:1: error: expected declaration or statement at end of input
  410 | }
      | ^
test.c:7:6: error: unused variable ‘msg’ [-Werror=unused-variable]
    7 | char msg[300];
      |      ^~~
At top level:
test.c:382:5: error: ‘main’ defined but not used [-Werror=unused-function]
  382 | int main(int argc, char *argv[]) {
      |     ^~~~
test.c:47:6: error: ‘readIntArray’ defined but not used [-Werror=unused-function]
   47 | void readIntArray(int arr[], int *size) {
      |      ^~~~~~~~~~~~
cc1: all warnings being treated as errors
Compilation failed
50e15b8
Thu 14 Mar 2024 03:12:33 PM UTC: 
 exercises.c | 6 +++---
 1 file changed, 3 insertions(+), 3 deletions(-)
In file included from test.c:1:
exercises.c: In function ‘reverseArray’:
exercises.c:33:3: error: statement with no effect [-Werror=unused-value]
   33 |   for (i; i < size; i++)
      |   ^~~
exercises.c:38:3: error: statement with no effect [-Werror=unused-value]
   38 |   for (i; i < size; i++)
      |   ^~~
exercises.c: In function ‘checkSorted’:
exercises.c:73:3: error: statement with no effect [-Werror=unused-value]
   73 |   for (i; i < size; i++)
      |   ^~~
exercises.c:84:1: error: control reaches end of non-void function [-Werror=return-type]
   84 | }
      | ^
exercises.c: In function ‘reverseArray’:
exercises.c:33:13: error: ‘i’ is used uninitialized [-Werror=uninitialized]
   33 |   for (i; i < size; i++)
      |           ~~^~~~~~
cc1: all warnings being treated as errors
Compilation failed
fdb9ea6
Thu 14 Mar 2024 03:13:21 PM UTC: 
 exercises.c | 1 -
 1 file changed, 1 deletion(-)
In file included from test.c:1:
exercises.c: In function ‘reverseArray’:
exercises.c:33:3: error: statement with no effect [-Werror=unused-value]
   33 |   for (i; i < size; i++)
      |   ^~~
exercises.c:38:3: error: statement with no effect [-Werror=unused-value]
   38 |   for (i; i < size; i++)
      |   ^~~
exercises.c: In function ‘checkSorted’:
exercises.c:73:3: error: statement with no effect [-Werror=unused-value]
   73 |   for (i; i < size; i++)
      |   ^~~
test.c:382:5: error: ‘main’ is normally a non-static function [-Werror=main]
  382 | int main(int argc, char *argv[]) {
      |     ^~~~
test.c:410:1: error: expected declaration or statement at end of input
  410 | }
      | ^
test.c:7:6: error: unused variable ‘msg’ [-Werror=unused-variable]
    7 | char msg[300];
      |      ^~~
test.c:411: error: control reaches end of non-void function [-Werror=return-type]
At top level:
test.c:382:5: error: ‘main’ defined but not used [-Werror=unused-function]
  382 | int main(int argc, char *argv[]) {
      |     ^~~~
test.c:47:6: error: ‘readIntArray’ defined but not used [-Werror=unused-function]
   47 | void readIntArray(int arr[], int *size) {
      |      ^~~~~~~~~~~~
cc1: all warnings being treated as errors
Compilation failed
f93f382
Thu 14 Mar 2024 03:13:53 PM UTC: 
 exercises.c | 2 +-
 1 file changed, 1 insertion(+), 1 deletion(-)
In file included from test.c:1:
exercises.c: In function ‘reverseArray’:
exercises.c:33:3: error: statement with no effect [-Werror=unused-value]
   33 |   for (i; i < size; i++)
      |   ^~~
exercises.c:38:3: error: statement with no effect [-Werror=unused-value]
   38 |   for (i; i < size; i++)
      |   ^~~
exercises.c: In function ‘checkSorted’:
exercises.c:73:3: error: statement with no effect [-Werror=unused-value]
   73 |   for (i; i < size; i++)
      |   ^~~
test.c:382:5: error: ‘main’ is normally a non-static function [-Werror=main]
  382 | int main(int argc, char *argv[]) {
      |     ^~~~
test.c:410:1: error: expected declaration or statement at end of input
  410 | }
      | ^
test.c:7:6: error: unused variable ‘msg’ [-Werror=unused-variable]
    7 | char msg[300];
      |      ^~~
test.c:411: error: control reaches end of non-void function [-Werror=return-type]
At top level:
test.c:382:5: error: ‘main’ defined but not used [-Werror=unused-function]
  382 | int main(int argc, char *argv[]) {
      |     ^~~~
test.c:47:6: error: ‘readIntArray’ defined but not used [-Werror=unused-function]
   47 | void readIntArray(int arr[], int *size) {
      |      ^~~~~~~~~~~~
cc1: all warnings being treated as errors
Compilation failed
a47fbd3
Thu 14 Mar 2024 03:14:18 PM UTC: 
 exercises.c | 18 +++++++++---------
 1 file changed, 9 insertions(+), 9 deletions(-)
In file included from test.c:1:
exercises.c: In function ‘checkSorted’:
exercises.c:73:3: error: statement with no effect [-Werror=unused-value]
   73 |   for (i; i < size; i++)
      |   ^~~
test.c:382:5: error: ‘main’ is normally a non-static function [-Werror=main]
  382 | int main(int argc, char *argv[]) {
      |     ^~~~
test.c:410:1: error: expected declaration or statement at end of input
  410 | }
      | ^
test.c:7:6: error: unused variable ‘msg’ [-Werror=unused-variable]
    7 | char msg[300];
      |      ^~~
test.c:411: error: control reaches end of non-void function [-Werror=return-type]
At top level:
test.c:382:5: error: ‘main’ defined but not used [-Werror=unused-function]
  382 | int main(int argc, char *argv[]) {
      |     ^~~~
test.c:47:6: error: ‘readIntArray’ defined but not used [-Werror=unused-function]
   47 | void readIntArray(int arr[], int *size) {
      |      ^~~~~~~~~~~~
cc1: all warnings being treated as errors
Compilation failed
6d1888f
Thu 14 Mar 2024 03:14:47 PM UTC: 
 exercises.c | 4 ++--
 1 file changed, 2 insertions(+), 2 deletions(-)
In file included from test.c:1:
exercises.c:23:1: error: expected identifier or ‘(’ before ‘}’ token
   23 | }
      | ^
exercises.c: In function ‘checkSorted’:
exercises.c:73:3: error: statement with no effect [-Werror=unused-value]
   73 |   for (i; i < size; i++)
      |   ^~~
exercises.c:82:1: error: control reaches end of non-void function [-Werror=return-type]
   82 | }
      | ^
cc1: all warnings being treated as errors
Compilation failed
1924319
Thu 14 Mar 2024 03:15:06 PM UTC: 
 exercises.c | 4 ++--
 1 file changed, 2 insertions(+), 2 deletions(-)
In file included from test.c:1:
exercises.c: In function ‘checkSorted’:
exercises.c:73:3: error: statement with no effect [-Werror=unused-value]
   73 |   for (i; i < size; i++)
      |   ^~~
exercises.c:82:1: error: control reaches end of non-void function [-Werror=return-type]
   82 | }
      | ^
cc1: all warnings being treated as errors
Compilation failed
fb07a2f
Thu 14 Mar 2024 03:16:41 PM UTC: 
 exercises.c | 4 ++--
 1 file changed, 2 insertions(+), 2 deletions(-)
In file included from test.c:1:
exercises.c: In function ‘checkSorted’:
exercises.c:82:1: error: control reaches end of non-void function [-Werror=return-type]
   82 | }
      | ^
cc1: all warnings being treated as errors
Compilation failed
804b565
Thu 14 Mar 2024 03:17:00 PM UTC: 
 exercises.c | 2 +-
 1 file changed, 1 insertion(+), 1 deletion(-)
test.c: In function ‘checkSorted’:
test.c:382:5: error: ‘main’ is normally a non-static function [-Werror=main]
  382 | int main(int argc, char *argv[]) {
      |     ^~~~
test.c:410:1: error: expected declaration or statement at end of input
  410 | }
      | ^
test.c:7:6: error: unused variable ‘msg’ [-Werror=unused-variable]
    7 | char msg[300];
      |      ^~~
test.c:411: error: control reaches end of non-void function [-Werror=return-type]
At top level:
test.c:382:5: error: ‘main’ defined but not used [-Werror=unused-function]
  382 | int main(int argc, char *argv[]) {
      |     ^~~~
test.c:47:6: error: ‘readIntArray’ defined but not used [-Werror=unused-function]
   47 | void readIntArray(int arr[], int *size) {
      |      ^~~~~~~~~~~~
cc1: all warnings being treated as errors
Compilation failed
dab2954
Thu 14 Mar 2024 03:17:53 PM UTC: 
 exercises.c | 2 +-
 1 file changed, 1 insertion(+), 1 deletion(-)
In file included from test.c:1:
exercises.c: In function ‘checkSorted’:
exercises.c:80:1: error: control reaches end of non-void function [-Werror=return-type]
   80 | }
      | ^
cc1: all warnings being treated as errors
Compilation failed
f0bcf1e
Thu 14 Mar 2024 03:23:02 PM UTC: 
 exercises.c | 2 --
 1 file changed, 2 deletions(-)
In file included from test.c:1:
exercises.c: In function ‘checkSorted’:
exercises.c:78:1: error: control reaches end of non-void function [-Werror=return-type]
   78 | }
      | ^
cc1: all warnings being treated as errors
Compilation failed
1df9f83
Thu 14 Mar 2024 03:24:24 PM UTC: 
 exercises.c | 14 +++++++-------
 1 file changed, 7 insertions(+), 7 deletions(-)
In file included from test.c:1:
exercises.c: In function ‘checkSorted’:
exercises.c:78:1: error: control reaches end of non-void function [-Werror=return-type]
   78 | }
      | ^
cc1: all warnings being treated as errors
Compilation failed
34bf12c
Thu 14 Mar 2024 03:24:44 PM UTC: 
 exercises.c | 2 ++
 1 file changed, 2 insertions(+)
 tests:  0|6
total_score: 10/70
df71fad
Fri 15 Mar 2024 01:16:09 AM UTC: 
 exercises.c | 15 +++++----------
 1 file changed, 5 insertions(+), 10 deletions(-)
 tests:  0|5
total_score: 20/70
5d95b27
Fri 15 Mar 2024 01:20:33 AM UTC: 
 exercises.c | 29 +++++++++++++++++++++--------
 1 file changed, 21 insertions(+), 8 deletions(-)
 tests:  0|5
total_score: 20/70
87f592f
Fri 15 Mar 2024 01:20:52 AM UTC: 
 exercises.c | 4 ++--
 1 file changed, 2 insertions(+), 2 deletions(-)
 tests:  0|5
total_score: 20/70
140b348
Fri 15 Mar 2024 01:22:22 AM UTC: 
 exercises.c | 6 +-----
 1 file changed, 1 insertion(+), 5 deletions(-)
 tests:  0|5
total_score: 20/70
f6df873
Mon 18 Mar 2024 10:34:50 AM UTC: 
 exercises.c | 26 +++++++++++++++++++++++++-
 1 file changed, 25 insertions(+), 1 deletion(-)
In file included from test.c:1:
exercises.c: In function ‘mergeSortedArrays’:
exercises.c:66:17: error: ‘size’ undeclared (first use in this function); did you mean ‘size2’?
   66 |   int newsize = size + size2;
      |                 ^~~~
      |                 size2
exercises.c:66:17: note: each undeclared identifier is reported only once for each function it appears in
exercises.c:67:8: error: ‘result’ redeclared as different kind of symbol
   67 |   int* result = (int *) malloc(newsize * sizeof(int));
      |        ^~~~~~
exercises.c:65:28: note: previous definition of ‘result’ with type ‘int *’
   65 |                        int result[]) {
      |                        ~~~~^~~~~~~~
exercises.c:70:12: error: ‘return’ with a value, in function returning void [-Werror=return-type]
   70 |     return 1;
      |            ^
exercises.c:64:6: note: declared here
   64 | void mergeSortedArrays(int arr1[], int size1, int arr2[], int size2,
      |      ^~~~~~~~~~~~~~~~~
exercises.c:83:23: error: ‘arreglo’ undeclared (first use in this function)
   83 |         result[k++] = arreglo[i++];
      |                       ^~~~~~~
exercises.c:86:23: error: ‘arreglo2’ undeclared (first use in this function)
   86 |         result[k++] = arreglo2[j++];
      |                       ^~~~~~~~
cc1: all warnings being treated as errors
Compilation failed
a2048e6
Mon 18 Mar 2024 10:34:59 AM UTC: 
 exercises.c | 4 ++--
 1 file changed, 2 insertions(+), 2 deletions(-)
In file included from test.c:1:
exercises.c: In function ‘mergeSortedArrays’:
exercises.c:66:17: error: ‘size’ undeclared (first use in this function); did you mean ‘size2’?
   66 |   int newsize = size + size2;
      |                 ^~~~
      |                 size2
exercises.c:66:17: note: each undeclared identifier is reported only once for each function it appears in
exercises.c:67:8: error: ‘result’ redeclared as different kind of symbol
   67 |   int* result = (int *) malloc(newsize * sizeof(int));
      |        ^~~~~~
exercises.c:65:28: note: previous definition of ‘result’ with type ‘int *’
   65 |                        int result[]) {
      |                        ~~~~^~~~~~~~
exercises.c:70:12: error: ‘return’ with a value, in function returning void [-Werror=return-type]
   70 |     return 1;
      |            ^
exercises.c:64:6: note: declared here
   64 | void mergeSortedArrays(int arr1[], int size1, int arr2[], int size2,
      |      ^~~~~~~~~~~~~~~~~
cc1: all warnings being treated as errors
Compilation failed
82ba4d4
Mon 18 Mar 2024 10:35:07 AM UTC: 
 exercises.c | 2 +-
 1 file changed, 1 insertion(+), 1 deletion(-)
In file included from test.c:1:
exercises.c: In function ‘mergeSortedArrays’:
exercises.c:66:17: error: ‘size’ undeclared (first use in this function); did you mean ‘size2’?
   66 |   int newsize = size + size2;
      |                 ^~~~
      |                 size2
exercises.c:66:17: note: each undeclared identifier is reported only once for each function it appears in
exercises.c:67:8: error: ‘result’ redeclared as different kind of symbol
   67 |   int* result = (int *) malloc(newsize * sizeof(int));
      |        ^~~~~~
exercises.c:65:28: note: previous definition of ‘result’ with type ‘int *’
   65 |                        int result[]) {
      |                        ~~~~^~~~~~~~
Compilation failed
99935e0
Mon 18 Mar 2024 10:35:28 AM UTC: 
 exercises.c | 5 -----
 1 file changed, 5 deletions(-)
In file included from test.c:1:
exercises.c: In function ‘mergeSortedArrays’:
exercises.c:66:17: error: ‘size’ undeclared (first use in this function); did you mean ‘size2’?
   66 |   int newsize = size + size2;
      |                 ^~~~
      |                 size2
exercises.c:66:17: note: each undeclared identifier is reported only once for each function it appears in
exercises.c:66:7: error: unused variable ‘newsize’ [-Werror=unused-variable]
   66 |   int newsize = size + size2;
      |       ^~~~~~~
cc1: all warnings being treated as errors
Compilation failed
19375a4
Mon 18 Mar 2024 10:35:55 AM UTC: 
 exercises.c | 1 -
 1 file changed, 1 deletion(-)
In file included from test.c:1:
exercises.c: In function ‘mergeSortedArrays’:
exercises.c:69:14: error: ‘size’ undeclared (first use in this function); did you mean ‘size2’?
   69 |   while (i < size && j < size2) {
      |              ^~~~
      |              size2
exercises.c:69:14: note: each undeclared identifier is reported only once for each function it appears in
Compilation failed
cb2f5ea
Mon 18 Mar 2024 10:36:05 AM UTC: 
 exercises.c | 4 ++--
 1 file changed, 2 insertions(+), 2 deletions(-)
 tests:  0|4
total_score: 30/70
36ef544
Mon 18 Mar 2024 10:39:15 AM UTC: 
 exercises.c | 12 +++++++++---
 1 file changed, 9 insertions(+), 3 deletions(-)
 tests:  0|4
total_score: 30/70
a488308
Mon 18 Mar 2024 10:39:31 AM UTC: 
 exercises.c | 4 ++--
 1 file changed, 2 insertions(+), 2 deletions(-)
 tests:  0|4
total_score: 30/70
e0ce771
Mon 18 Mar 2024 10:40:30 AM UTC: 
 exercises.c | 6 +++---
 1 file changed, 3 insertions(+), 3 deletions(-)
 tests:  0|4
total_score: 30/70
2f43b93
Mon 18 Mar 2024 10:42:04 AM UTC: 
 exercises.c | 2 +-
 1 file changed, 1 insertion(+), 1 deletion(-)
 tests:  0|4
total_score: 30/70
c185bb2
Mon 18 Mar 2024 10:43:33 AM UTC: 
 exercises.c | 8 ++++++--
 1 file changed, 6 insertions(+), 2 deletions(-)
In file included from test.c:1:
exercises.c: In function ‘checkSorted’:
exercises.c:97:3: error: expected ‘,’ or ‘;’ before ‘for’
   97 |   for (int i = 0; i < size - 1; i++)
      |   ^~~
exercises.c:97:19: error: ‘i’ undeclared (first use in this function)
   97 |   for (int i = 0; i < size - 1; i++)
      |                   ^
exercises.c:97:19: note: each undeclared identifier is reported only once for each function it appears in
exercises.c:97:36: error: expected ‘;’ before ‘)’ token
   97 |   for (int i = 0; i < size - 1; i++)
      |                                    ^
      |                                    ;
exercises.c:97:36: error: expected statement before ‘)’ token
Compilation failed
3bcdf6c
Mon 18 Mar 2024 10:43:52 AM UTC: 
 exercises.c | 2 +-
 1 file changed, 1 insertion(+), 1 deletion(-)
 tests:  0|4
total_score: 30/70
90a0a60
Mon 18 Mar 2024 10:44:26 AM UTC: 
 exercises.c | 4 ++--
 1 file changed, 2 insertions(+), 2 deletions(-)
 tests:  0|3
total_score: 40/70
43792f0
Mon 18 Mar 2024 10:50:51 AM UTC: 
 exercises.c | 12 +++++++++++-
 1 file changed, 11 insertions(+), 1 deletion(-)
In file included from test.c:1:
exercises.c: In function ‘inicializarLibro’:
exercises.c:137:10: error: ‘nuevo_libro’ undeclared (first use in this function)
  137 |   strcpy(nuevo_libro->titulo, *titulo);
      |          ^~~~~~~~~~~
exercises.c:137:10: note: each undeclared identifier is reported only once for each function it appears in
exercises.c:137:31: error: passing argument 2 of ‘strcpy’ makes pointer from integer without a cast [-Werror=int-conversion]
  137 |   strcpy(nuevo_libro->titulo, *titulo);
      |                               ^~~~~~~
      |                               |
      |                               char
In file included from /nix/store/4pqv2mwdn88h7xvsm7a5zplrd8sxzvw0-glibc-2.35-163-dev/include/features.h:490,
                 from /nix/store/4pqv2mwdn88h7xvsm7a5zplrd8sxzvw0-glibc-2.35-163-dev/include/ctype.h:25,
                 from exercises.c:1,
                 from test.c:1:
/nix/store/4pqv2mwdn88h7xvsm7a5zplrd8sxzvw0-glibc-2.35-163-dev/include/bits/string_fortified.h:77:1: note: expected ‘const char * restrict’ but argument is of type ‘char’
   77 | __NTH (strcpy (char *__restrict __dest, const char *__restrict __src))
      | ^~~~~
In file included from test.c:1:
exercises.c:139:38: error: passing argument 2 of ‘strcpy’ makes pointer from integer without a cast [-Werror=int-conversion]
  139 |   strcpy(nuevo_libro->autor->nombre, *nombreAutor);
      |                                      ^~~~~~~~~~~~
      |                                      |
      |                                      char
In file included from /nix/store/4pqv2mwdn88h7xvsm7a5zplrd8sxzvw0-glibc-2.35-163-dev/include/features.h:490,
                 from /nix/store/4pqv2mwdn88h7xvsm7a5zplrd8sxzvw0-glibc-2.35-163-dev/include/ctype.h:25,
                 from exercises.c:1,
                 from test.c:1:
/nix/store/4pqv2mwdn88h7xvsm7a5zplrd8sxzvw0-glibc-2.35-163-dev/include/bits/string_fortified.h:77:1: note: expected ‘const char * restrict’ but argument is of type ‘char’
   77 | __NTH (strcpy (char *__restrict __dest, const char *__restrict __src))
      | ^~~~~
cc1: all warnings being treated as errors
Compilation failed
7aa5cc8
Mon 18 Mar 2024 10:51:02 AM UTC: 
 exercises.c | 4 ++--
 1 file changed, 2 insertions(+), 2 deletions(-)
In file included from test.c:1:
exercises.c: In function ‘inicializarLibro’:
exercises.c:137:10: error: ‘nuevo_libro’ undeclared (first use in this function)
  137 |   strcpy(nuevo_libro->titulo, *titulo);
      |          ^~~~~~~~~~~
exercises.c:137:10: note: each undeclared identifier is reported only once for each function it appears in
exercises.c:137:31: error: passing argument 2 of ‘strcpy’ makes pointer from integer without a cast [-Werror=int-conversion]
  137 |   strcpy(nuevo_libro->titulo, *titulo);
      |                               ^~~~~~~
      |                               |
      |                               char
In file included from /nix/store/4pqv2mwdn88h7xvsm7a5zplrd8sxzvw0-glibc-2.35-163-dev/include/features.h:490,
                 from /nix/store/4pqv2mwdn88h7xvsm7a5zplrd8sxzvw0-glibc-2.35-163-dev/include/ctype.h:25,
                 from exercises.c:1,
                 from test.c:1:
/nix/store/4pqv2mwdn88h7xvsm7a5zplrd8sxzvw0-glibc-2.35-163-dev/include/bits/string_fortified.h:77:1: note: expected ‘const char * restrict’ but argument is of type ‘char’
   77 | __NTH (strcpy (char *__restrict __dest, const char *__restrict __src))
      | ^~~~~
In file included from test.c:1:
exercises.c:139:38: error: passing argument 2 of ‘strcpy’ makes pointer from integer without a cast [-Werror=int-conversion]
  139 |   strcpy(nuevo_libro->autor->nombre, nombreAutor);
      |                                      ^~~~~~~~~~~
      |                                      |
      |                                      char
In file included from /nix/store/4pqv2mwdn88h7xvsm7a5zplrd8sxzvw0-glibc-2.35-163-dev/include/features.h:490,
                 from /nix/store/4pqv2mwdn88h7xvsm7a5zplrd8sxzvw0-glibc-2.35-163-dev/include/ctype.h:25,
                 from exercises.c:1,
                 from test.c:1:
/nix/store/4pqv2mwdn88h7xvsm7a5zplrd8sxzvw0-glibc-2.35-163-dev/include/bits/string_fortified.h:77:1: note: expected ‘const char * restrict’ but argument is of type ‘char’
   77 | __NTH (strcpy (char *__restrict __dest, const char *__restrict __src))
      | ^~~~~
test.c: In function ‘test_biblioteca’:
test.c:306:49: error: passing argument 3 of ‘inicializarLibro’ makes integer from pointer without a cast [-Werror=int-conversion]
  306 |     inicializarLibro(&libro, titulos[i], autores[i], aniosNacimiento[i],
      |                                          ~~~~~~~^~~
      |                                                 |
      |                                                 const char *
In file included from test.c:1:
exercises.c:132:68: note: expected ‘char’ but argument is of type ‘const char *’
  132 | void inicializarLibro(Libro *libro, const char *titulo, const char nombreAutor,
      |                                                         ~~~~~~~~~~~^~~~~~~~~~~
cc1: all warnings being treated as errors
Compilation failed
b4b1eec
Mon 18 Mar 2024 10:53:34 AM UTC: 
 exercises.c | 7 ++-----
 1 file changed, 2 insertions(+), 5 deletions(-)
In file included from test.c:1:
exercises.c: In function ‘inicializarLibro’:
exercises.c:134:10: error: ‘nuevo_libro’ undeclared (first use in this function)
  134 |   strcpy(nuevo_libro->titulo, titulo);
      |          ^~~~~~~~~~~
exercises.c:134:10: note: each undeclared identifier is reported only once for each function it appears in
exercises.c:136:38: error: passing argument 2 of ‘strcpy’ makes pointer from integer without a cast [-Werror=int-conversion]
  136 |   strcpy(nuevo_libro->autor->nombre, nombreAutor);
      |                                      ^~~~~~~~~~~
      |                                      |
      |                                      char
In file included from /nix/store/4pqv2mwdn88h7xvsm7a5zplrd8sxzvw0-glibc-2.35-163-dev/include/features.h:490,
                 from /nix/store/4pqv2mwdn88h7xvsm7a5zplrd8sxzvw0-glibc-2.35-163-dev/include/ctype.h:25,
                 from exercises.c:1,
                 from test.c:1:
/nix/store/4pqv2mwdn88h7xvsm7a5zplrd8sxzvw0-glibc-2.35-163-dev/include/bits/string_fortified.h:77:1: note: expected ‘const char * restrict’ but argument is of type ‘char’
   77 | __NTH (strcpy (char *__restrict __dest, const char *__restrict __src))
      | ^~~~~
test.c: In function ‘test_biblioteca’:
test.c:306:49: error: passing argument 3 of ‘inicializarLibro’ makes integer from pointer without a cast [-Werror=int-conversion]
  306 |     inicializarLibro(&libro, titulos[i], autores[i], aniosNacimiento[i],
      |                                          ~~~~~~~^~~
      |                                                 |
      |                                                 const char *
In file included from test.c:1:
exercises.c:132:68: note: expected ‘char’ but argument is of type ‘const char *’
  132 | void inicializarLibro(Libro *libro, const char *titulo, const char nombreAutor, int anioNacimiento, int anioPublicacion) {
      |                                                         ~~~~~~~~~~~^~~~~~~~~~~
cc1: all warnings being treated as errors
Compilation failed
2b532f0
Mon 18 Mar 2024 10:55:59 AM UTC: 
 exercises.c | 8 ++++----
 1 file changed, 4 insertions(+), 4 deletions(-)
In file included from test.c:1:
exercises.c: In function ‘inicializarLibro’:
exercises.c:136:22: error: invalid type argument of ‘->’ (have ‘Autor’)
  136 |   strcpy(libro->autor->nombre, nombreAutor);
      |                      ^~
exercises.c:136:32: error: passing argument 2 of ‘strcpy’ makes pointer from integer without a cast [-Werror=int-conversion]
  136 |   strcpy(libro->autor->nombre, nombreAutor);
      |                                ^~~~~~~~~~~
      |                                |
      |                                char
In file included from /nix/store/4pqv2mwdn88h7xvsm7a5zplrd8sxzvw0-glibc-2.35-163-dev/include/features.h:490,
                 from /nix/store/4pqv2mwdn88h7xvsm7a5zplrd8sxzvw0-glibc-2.35-163-dev/include/ctype.h:25,
                 from exercises.c:1,
                 from test.c:1:
/nix/store/4pqv2mwdn88h7xvsm7a5zplrd8sxzvw0-glibc-2.35-163-dev/include/bits/string_fortified.h:77:1: note: expected ‘const char * restrict’ but argument is of type ‘char’
   77 | __NTH (strcpy (char *__restrict __dest, const char *__restrict __src))
      | ^~~~~
In file included from test.c:1:
exercises.c:137:17: error: invalid type argument of ‘->’ (have ‘Autor’)
  137 |     libro->autor->anioNacimiento = anioNacimiento;
      |                 ^~
test.c: In function ‘test_biblioteca’:
test.c:306:49: error: passing argument 3 of ‘inicializarLibro’ makes integer from pointer without a cast [-Werror=int-conversion]
  306 |     inicializarLibro(&libro, titulos[i], autores[i], aniosNacimiento[i],
      |                                          ~~~~~~~^~~
      |                                                 |
      |                                                 const char *
In file included from test.c:1:
exercises.c:132:68: note: expected ‘char’ but argument is of type ‘const char *’
  132 | void inicializarLibro(Libro *libro, const char *titulo, const char nombreAutor, int anioNacimiento, int anioPublicacion) {
      |                                                         ~~~~~~~~~~~^~~~~~~~~~~
cc1: all warnings being treated as errors
Compilation failed
c1d174c
Mon 18 Mar 2024 10:57:56 AM UTC: 
 exercises.c | 4 ++--
 1 file changed, 2 insertions(+), 2 deletions(-)
In file included from test.c:1:
exercises.c: In function ‘inicializarLibro’:
exercises.c:136:31: error: passing argument 2 of ‘strcpy’ makes pointer from integer without a cast [-Werror=int-conversion]
  136 |   strcpy(libro->autor.nombre, nombreAutor);
      |                               ^~~~~~~~~~~
      |                               |
      |                               char
In file included from /nix/store/4pqv2mwdn88h7xvsm7a5zplrd8sxzvw0-glibc-2.35-163-dev/include/features.h:490,
                 from /nix/store/4pqv2mwdn88h7xvsm7a5zplrd8sxzvw0-glibc-2.35-163-dev/include/ctype.h:25,
                 from exercises.c:1,
                 from test.c:1:
/nix/store/4pqv2mwdn88h7xvsm7a5zplrd8sxzvw0-glibc-2.35-163-dev/include/bits/string_fortified.h:77:1: note: expected ‘const char * restrict’ but argument is of type ‘char’
   77 | __NTH (strcpy (char *__restrict __dest, const char *__restrict __src))
      | ^~~~~
test.c: In function ‘test_biblioteca’:
test.c:306:49: error: passing argument 3 of ‘inicializarLibro’ makes integer from pointer without a cast [-Werror=int-conversion]
  306 |     inicializarLibro(&libro, titulos[i], autores[i], aniosNacimiento[i],
      |                                          ~~~~~~~^~~
      |                                                 |
      |                                                 const char *
In file included from test.c:1:
exercises.c:132:68: note: expected ‘char’ but argument is of type ‘const char *’
  132 | void inicializarLibro(Libro *libro, const char *titulo, const char nombreAutor, int anioNacimiento, int anioPublicacion) {
      |                                                         ~~~~~~~~~~~^~~~~~~~~~~
cc1: all warnings being treated as errors
Compilation failed
bc9d358
Mon 18 Mar 2024 10:58:46 AM UTC: 
 exercises.c | 2 +-
 1 file changed, 1 insertion(+), 1 deletion(-)
In file included from test.c:1:
exercises.c: In function ‘inicializarLibro’:
exercises.c:136:22: error: invalid type argument of ‘->’ (have ‘Autor’)
  136 |   strcpy(libro->autor->nombre, nombreAutor);
      |                      ^~
exercises.c:136:32: error: passing argument 2 of ‘strcpy’ makes pointer from integer without a cast [-Werror=int-conversion]
  136 |   strcpy(libro->autor->nombre, nombreAutor);
      |                                ^~~~~~~~~~~
      |                                |
      |                                char
In file included from /nix/store/4pqv2mwdn88h7xvsm7a5zplrd8sxzvw0-glibc-2.35-163-dev/include/features.h:490,
                 from /nix/store/4pqv2mwdn88h7xvsm7a5zplrd8sxzvw0-glibc-2.35-163-dev/include/ctype.h:25,
                 from exercises.c:1,
                 from test.c:1:
/nix/store/4pqv2mwdn88h7xvsm7a5zplrd8sxzvw0-glibc-2.35-163-dev/include/bits/string_fortified.h:77:1: note: expected ‘const char * restrict’ but argument is of type ‘char’
   77 | __NTH (strcpy (char *__restrict __dest, const char *__restrict __src))
      | ^~~~~
test.c: In function ‘test_biblioteca’:
test.c:306:49: error: passing argument 3 of ‘inicializarLibro’ makes integer from pointer without a cast [-Werror=int-conversion]
  306 |     inicializarLibro(&libro, titulos[i], autores[i], aniosNacimiento[i],
      |                                          ~~~~~~~^~~
      |                                                 |
      |                                                 const char *
In file included from test.c:1:
exercises.c:132:68: note: expected ‘char’ but argument is of type ‘const char *’
  132 | void inicializarLibro(Libro *libro, const char *titulo, const char nombreAutor, int anioNacimiento, int anioPublicacion) {
      |                                                         ~~~~~~~~~~~^~~~~~~~~~~
cc1: all warnings being treated as errors
Compilation failed
0d8dcaf
Mon 18 Mar 2024 11:01:18 AM UTC: 
 exercises.c | 3 +--
 1 file changed, 1 insertion(+), 2 deletions(-)
In file included from test.c:1:
exercises.c: In function ‘inicializarLibro’:
exercises.c:135:31: error: passing argument 2 of ‘strcpy’ makes pointer from integer without a cast [-Werror=int-conversion]
  135 |   strcpy(libro->autor.nombre, nombreAutor);
      |                               ^~~~~~~~~~~
      |                               |
      |                               char
In file included from /nix/store/4pqv2mwdn88h7xvsm7a5zplrd8sxzvw0-glibc-2.35-163-dev/include/features.h:490,
                 from /nix/store/4pqv2mwdn88h7xvsm7a5zplrd8sxzvw0-glibc-2.35-163-dev/include/ctype.h:25,
                 from exercises.c:1,
                 from test.c:1:
/nix/store/4pqv2mwdn88h7xvsm7a5zplrd8sxzvw0-glibc-2.35-163-dev/include/bits/string_fortified.h:77:1: note: expected ‘const char * restrict’ but argument is of type ‘char’
   77 | __NTH (strcpy (char *__restrict __dest, const char *__restrict __src))
      | ^~~~~
test.c: In function ‘test_biblioteca’:
test.c:306:49: error: passing argument 3 of ‘inicializarLibro’ makes integer from pointer without a cast [-Werror=int-conversion]
  306 |     inicializarLibro(&libro, titulos[i], autores[i], aniosNacimiento[i],
      |                                          ~~~~~~~^~~
      |                                                 |
      |                                                 const char *
In file included from test.c:1:
exercises.c:132:68: note: expected ‘char’ but argument is of type ‘const char *’
  132 | void inicializarLibro(Libro *libro, const char *titulo, const char nombreAutor, int anioNacimiento, int anioPublicacion) {
      |                                                         ~~~~~~~~~~~^~~~~~~~~~~
cc1: all warnings being treated as errors
Compilation failed
1d24944
Mon 18 Mar 2024 11:07:43 AM UTC: 
 exercises.c | 2 +-
 1 file changed, 1 insertion(+), 1 deletion(-)
In file included from test.c:1:
exercises.c: In function ‘inicializarLibro’:
exercises.c:135:22: error: ‘Autor’ has no member named ‘nombreAutor’
  135 |   strcpy(libro->autor.nombreAutor, nombreAutor);
      |                      ^
exercises.c:135:36: error: passing argument 2 of ‘strcpy’ makes pointer from integer without a cast [-Werror=int-conversion]
  135 |   strcpy(libro->autor.nombreAutor, nombreAutor);
      |                                    ^~~~~~~~~~~
      |                                    |
      |                                    char
In file included from /nix/store/4pqv2mwdn88h7xvsm7a5zplrd8sxzvw0-glibc-2.35-163-dev/include/features.h:490,
                 from /nix/store/4pqv2mwdn88h7xvsm7a5zplrd8sxzvw0-glibc-2.35-163-dev/include/ctype.h:25,
                 from exercises.c:1,
                 from test.c:1:
/nix/store/4pqv2mwdn88h7xvsm7a5zplrd8sxzvw0-glibc-2.35-163-dev/include/bits/string_fortified.h:77:1: note: expected ‘const char * restrict’ but argument is of type ‘char’
   77 | __NTH (strcpy (char *__restrict __dest, const char *__restrict __src))
      | ^~~~~
test.c: In function ‘test_biblioteca’:
test.c:306:49: error: passing argument 3 of ‘inicializarLibro’ makes integer from pointer without a cast [-Werror=int-conversion]
  306 |     inicializarLibro(&libro, titulos[i], autores[i], aniosNacimiento[i],
      |                                          ~~~~~~~^~~
      |                                                 |
      |                                                 const char *
In file included from test.c:1:
exercises.c:132:68: note: expected ‘char’ but argument is of type ‘const char *’
  132 | void inicializarLibro(Libro *libro, const char *titulo, const char nombreAutor, int anioNacimiento, int anioPublicacion) {
      |                                                         ~~~~~~~~~~~^~~~~~~~~~~
cc1: all warnings being treated as errors
Compilation failed
034b1d2
Mon 18 Mar 2024 11:23:07 AM UTC: 
 exercises.c | 8 ++++----
 1 file changed, 4 insertions(+), 4 deletions(-)
test.c: In function ‘test_biblioteca’:
test.c:306:49: error: passing argument 3 of ‘inicializarLibro’ makes integer from pointer without a cast [-Werror=int-conversion]
  306 |     inicializarLibro(&libro, titulos[i], autores[i], aniosNacimiento[i],
      |                                          ~~~~~~~^~~
      |                                                 |
      |                                                 const char *
In file included from test.c:1:
exercises.c:133:68: note: expected ‘char’ but argument is of type ‘const char *’
  133 | void inicializarLibro(Libro *libro, const char *titulo, const char nombreAutor, int anioNacimiento, int anioPublicacion) {
      |                                                         ~~~~~~~~~~~^~~~~~~~~~~
cc1: all warnings being treated as errors
Compilation failed
7a1c054
Mon 18 Mar 2024 11:24:20 AM UTC: 
 exercises.c | 11 ++++++++++-
 1 file changed, 10 insertions(+), 1 deletion(-)
test.c: In function ‘test_biblioteca’:
test.c:306:49: error: passing argument 3 of ‘inicializarLibro’ makes integer from pointer without a cast [-Werror=int-conversion]
  306 |     inicializarLibro(&libro, titulos[i], autores[i], aniosNacimiento[i],
      |                                          ~~~~~~~^~~
      |                                                 |
      |                                                 const char *
In file included from test.c:1:
exercises.c:142:68: note: expected ‘char’ but argument is of type ‘const char *’
  142 | void inicializarLibro(Libro *libro, const char *titulo, const char nombreAutor, int anioNacimiento, int anioPublicacion) {
      |                                                         ~~~~~~~~~~~^~~~~~~~~~~
cc1: all warnings being treated as errors
Compilation failed
d830537
Mon 18 Mar 2024 11:27:00 AM UTC: 
 exercises.c | 7 +++----
 1 file changed, 3 insertions(+), 4 deletions(-)
test.c: In function ‘test_biblioteca’:
test.c:306:49: error: passing argument 3 of ‘inicializarLibro’ makes integer from pointer without a cast [-Werror=int-conversion]
  306 |     inicializarLibro(&libro, titulos[i], autores[i], aniosNacimiento[i],
      |                                          ~~~~~~~^~~
      |                                                 |
      |                                                 const char *
In file included from test.c:1:
exercises.c:144:68: note: expected ‘char’ but argument is of type ‘const char *’
  144 | void inicializarLibro(Libro *libro, const char *titulo, const char nombreAutor, int anioNacimiento, int anioPublicacion) {}
      |                                                         ~~~~~~~~~~~^~~~~~~~~~~
cc1: all warnings being treated as errors
Compilation failed
148f5c6
Mon 18 Mar 2024 11:27:40 AM UTC: 
 exercises.c | 2 +-
 1 file changed, 1 insertion(+), 1 deletion(-)
test.c: In function ‘test_biblioteca’:
test.c:306:49: error: passing argument 3 of ‘inicializarLibro’ makes integer from pointer without a cast [-Werror=int-conversion]
  306 |     inicializarLibro(&libro, titulos[i], autores[i], aniosNacimiento[i],
      |                                          ~~~~~~~^~~
      |                                                 |
      |                                                 const char *
In file included from test.c:1:
exercises.c:144:68: note: expected ‘char’ but argument is of type ‘const char *’
  144 | void inicializarLibro(Libro *libro, const char *titulo, const char nombreAutor, int anioNacimiento, int *anioPublicacion) {}
      |                                                         ~~~~~~~~~~~^~~~~~~~~~~
test.c:307:38: error: passing argument 5 of ‘inicializarLibro’ makes pointer from integer without a cast [-Werror=int-conversion]
  307 |                      aniosPublicacion[i]);
      |                      ~~~~~~~~~~~~~~~~^~~
      |                                      |
      |                                      int
In file included from test.c:1:
exercises.c:144:106: note: expected ‘int *’ but argument is of type ‘int’
  144 | void inicializarLibro(Libro *libro, const char *titulo, const char nombreAutor, int anioNacimiento, int *anioPublicacion) {}
      |                                                                                                     ~~~~~^~~~~~~~~~~~~~~
cc1: all warnings being treated as errors
Compilation failed
3bfea28
Mon 18 Mar 2024 11:27:46 AM UTC: 
 exercises.c | 2 +-
 1 file changed, 1 insertion(+), 1 deletion(-)
test.c: In function ‘test_biblioteca’:
test.c:306:49: error: passing argument 3 of ‘inicializarLibro’ makes integer from pointer without a cast [-Werror=int-conversion]
  306 |     inicializarLibro(&libro, titulos[i], autores[i], aniosNacimiento[i],
      |                                          ~~~~~~~^~~
      |                                                 |
      |                                                 const char *
In file included from test.c:1:
exercises.c:144:68: note: expected ‘char’ but argument is of type ‘const char *’
  144 | void inicializarLibro(Libro *libro, const char *titulo, const char nombreAutor, int anioNacimiento, int anioPublicacion) {}
      |                                                         ~~~~~~~~~~~^~~~~~~~~~~
cc1: all warnings being treated as errors
Compilation failed
c2f2177
Mon 18 Mar 2024 11:29:14 AM UTC: 
 exercises.c | 3 +--
 1 file changed, 1 insertion(+), 2 deletions(-)
test.c: In function ‘inicializarLibro’:
test.c:382:5: error: ‘main’ is normally a non-static function [-Werror=main]
  382 | int main(int argc, char *argv[]) {
      |     ^~~~
test.c:410:1: error: expected declaration or statement at end of input
  410 | }
      | ^
test.c:7:6: error: unused variable ‘msg’ [-Werror=unused-variable]
    7 | char msg[300];
      |      ^~~
At top level:
test.c:382:5: error: ‘main’ defined but not used [-Werror=unused-function]
  382 | int main(int argc, char *argv[]) {
      |     ^~~~
test.c:47:6: error: ‘readIntArray’ defined but not used [-Werror=unused-function]
   47 | void readIntArray(int arr[], int *size) {
      |      ^~~~~~~~~~~~
cc1: all warnings being treated as errors
Compilation failed
7e489c6
Mon 18 Mar 2024 11:29:34 AM UTC: 
 exercises.c | 2 +-
 1 file changed, 1 insertion(+), 1 deletion(-)
test.c: In function ‘test_biblioteca’:
test.c:306:49: error: passing argument 3 of ‘inicializarLibro’ makes integer from pointer without a cast [-Werror=int-conversion]
  306 |     inicializarLibro(&libro, titulos[i], autores[i], aniosNacimiento[i],
      |                                          ~~~~~~~^~~
      |                                                 |
      |                                                 const char *
In file included from test.c:1:
exercises.c:143:68: note: expected ‘char’ but argument is of type ‘const char *’
  143 | void inicializarLibro(Libro *libro, const char *titulo, const char nombreAutor, int anioNacimiento, int anioPublicacion) {}
      |                                                         ~~~~~~~~~~~^~~~~~~~~~~
cc1: all warnings being treated as errors
Compilation failed
3e3f19a
Mon 18 Mar 2024 11:29:42 AM UTC: 
 exercises.c | 2 +-
 1 file changed, 1 insertion(+), 1 deletion(-)
 tests:  0|3
total_score: 40/70
28b79e2
Mon 18 Mar 2024 11:32:43 AM UTC: 
 exercises.c | 10 +++++++++-
 1 file changed, 9 insertions(+), 1 deletion(-)
In file included from test.c:1:
exercises.c: In function ‘filterEvenNumbers’:
exercises.c:60:22: error: expected expression before ‘[’ token
   60 |   int nuevoArreglo = [];
      |                      ^
exercises.c:64:23: error: subscripted value is neither array nor pointer nor vector
   64 |           nuevoArreglo[j++] = arr[i];
      |                       ^
exercises.c:68:10: error: returning ‘int’ from a function with return type ‘int *’ makes pointer from integer without a cast [-Werror=int-conversion]
   68 |   return nuevoArreglo;
      |          ^~~~~~~~~~~~
exercises.c:72:10: error: ‘newArr’ undeclared (first use in this function)
   72 |   return newArr;
      |          ^~~~~~
exercises.c:72:10: note: each undeclared identifier is reported only once for each function it appears in
cc1: all warnings being treated as errors
Compilation failed
0284f51
Mon 18 Mar 2024 11:32:55 AM UTC: 
 exercises.c | 4 ----
 1 file changed, 4 deletions(-)
In file included from test.c:1:
exercises.c: In function ‘filterEvenNumbers’:
exercises.c:60:22: error: expected expression before ‘[’ token
   60 |   int nuevoArreglo = [];
      |                      ^
exercises.c:64:23: error: subscripted value is neither array nor pointer nor vector
   64 |           nuevoArreglo[j++] = arr[i];
      |                       ^
exercises.c:68:10: error: returning ‘int’ from a function with return type ‘int *’ makes pointer from integer without a cast [-Werror=int-conversion]
   68 |   return nuevoArreglo;
      |          ^~~~~~~~~~~~
cc1: all warnings being treated as errors
Compilation failed
7ff7b0b
Mon 18 Mar 2024 11:34:13 AM UTC: 
 exercises.c | 2 +-
 1 file changed, 1 insertion(+), 1 deletion(-)
In file included from test.c:1:
exercises.c: In function ‘filterEvenNumbers’:
exercises.c:56:12: error: value computed is not used [-Werror=unused-value]
   56 |           (*newSize++);
      |           ~^~~~~~~~~~~
exercises.c:60:22: error: expected expression before ‘[’ token
   60 |   int nuevoArreglo = [];
      |                      ^
exercises.c:64:23: error: subscripted value is neither array nor pointer nor vector
   64 |           nuevoArreglo[j++] = arr[i];
      |                       ^
exercises.c:68:10: error: returning ‘int’ from a function with return type ‘int *’ makes pointer from integer without a cast [-Werror=int-conversion]
   68 |   return nuevoArreglo;
      |          ^~~~~~~~~~~~
cc1: all warnings being treated as errors
Compilation failed
a19df4a
Mon 18 Mar 2024 11:37:42 AM UTC: 
 exercises.c | 6 +++++-
 1 file changed, 5 insertions(+), 1 deletion(-)
In file included from test.c:1:
exercises.c: In function ‘filterEvenNumbers’:
exercises.c:56:12: error: value computed is not used [-Werror=unused-value]
   56 |           (*newSize++);
      |           ~^~~~~~~~~~~
cc1: all warnings being treated as errors
Compilation failed
3b5548a
Mon 18 Mar 2024 11:38:07 AM UTC: 
 exercises.c | 2 +-
 1 file changed, 1 insertion(+), 1 deletion(-)
 tests:  0|3
total_score: 40/70
fdbdaba
Mon 18 Mar 2024 11:38:57 AM UTC: 
 exercises.c | 1 +
 1 file changed, 1 insertion(+)
 tests:  0|2
total_score: 50/70
c9fc3d6
Mon 18 Mar 2024 11:40:08 AM UTC: 
 exercises.c | 1 -
 1 file changed, 1 deletion(-)
 tests:  0|2
total_score: 50/70
fcfc791
Mon 18 Mar 2024 11:49:30 AM UTC: 
 exercises.c | 28 +++++++++++++++++++++++++++-
 1 file changed, 27 insertions(+), 1 deletion(-)
 tests:  0|1
total_score: 60/70
4373c00
Mon 18 Mar 2024 03:34:22 PM UTC: 
 exercises.c | 2 +-
 1 file changed, 1 insertion(+), 1 deletion(-)
In file included from test.c:1:
exercises.c:154:15: error: expected ‘)’ before ‘->’ token
  154 |   strcpy(libro->titulo, titulo);
      |               ^~
      |               )
Compilation failed
1521192
Mon 18 Mar 2024 03:35:21 PM UTC: 
 exercises.c | 4 ++--
 1 file changed, 2 insertions(+), 2 deletions(-)
 tests:  0|1
total_score: 60/70
d8d7276
Mon 18 Mar 2024 03:35:43 PM UTC: 
 exercises.c | 2 +-
 1 file changed, 1 insertion(+), 1 deletion(-)
 tests:  0|1
total_score: 60/70
e950b2c
Mon 18 Mar 2024 03:35:53 PM UTC: 
 exercises.c | 2 +-
 1 file changed, 1 insertion(+), 1 deletion(-)
 tests:  0|1
total_score: 60/70
3e2ce35
Mon 18 Mar 2024 03:36:01 PM UTC: 
 exercises.c | 2 +-
 1 file changed, 1 insertion(+), 1 deletion(-)
 tests:  0|0
total_score: 70/70
a0755ab
